<?xml version="1.0" encoding="UTF-8" ?>
<testsuite tests="9" failures="0" name="org.ttw.basic.dao.TestUserDao" time="14.248" errors="0" skipped="0">
  <properties>
[...]
</properties>
  <testcase classname="org.ttw.basic.dao.TestUserDao" name="testLoad" time="6.126"/>
  <testcase classname="org.ttw.basic.dao.TestUserDao" name="testListByArgs" time="1.078"/>
  <testcase classname="org.ttw.basic.dao.TestUserDao" name="testFindByArgs" time="0.9"/>
  <testcase classname="org.ttw.basic.dao.TestUserDao" name="testListByArgsAndAlias" time="0.856"/>
  <testcase classname="org.ttw.basic.dao.TestUserDao" name="testFindByArgsAndAlias" time="1.234"/>
  <testcase classname="org.ttw.basic.dao.TestUserDao" name="testListSQLByArgs" time="0.956"/>
  <testcase classname="org.ttw.basic.dao.TestUserDao" name="testListSQLByArgsAndAlias" time="1.029"/>
  <testcase classname="org.ttw.basic.dao.TestUserDao" name="testFindSQLByArgs" time="1.066"/>
  <testcase classname="org.ttw.basic.dao.TestUserDao" name="testFindSQLByArgsAndAlias" time="1.003"/>
</testsuite>